c:\users\miglio\onedrive - txt e-solutions s.p.a\documents\github\repository\homememory\debug\moc_openspace.obj
c:\users\miglio\onedrive - txt e-solutions s.p.a\documents\github\repository\homememory\debug\moc_ambienti.obj
c:\users\miglio\onedrive - txt e-solutions s.p.a\documents\github\repository\homememory\debug\moc_libuni.obj
c:\users\miglio\onedrive - txt e-solutions s.p.a\documents\github\repository\homememory\debug\moc_wcasa.obj
c:\users\miglio\onedrive - txt e-solutions s.p.a\documents\github\repository\homememory\debug\openspace.obj
c:\users\miglio\onedrive - txt e-solutions s.p.a\documents\github\repository\homememory\debug\main.obj
c:\users\miglio\onedrive - txt e-solutions s.p.a\documents\github\repository\homememory\debug\wcasa.obj
c:\users\miglio\onedrive - txt e-solutions s.p.a\documents\github\repository\homememory\debug\ambienti.obj
c:\users\miglio\onedrive - txt e-solutions s.p.a\documents\github\repository\homememory\debug\libuni.obj
c:\users\miglio\onedrive - txt e-solutions s.p.a\documents\github\repository\homememory\debug\vc143.pdb
c:\users\miglio\onedrive - txt e-solutions s.p.a\documents\github\repository\homememory\debug\widcasa.obj
c:\users\miglio\onedrive - txt e-solutions s.p.a\documents\github\repository\homememory\debug\moc_widcasa.obj
c:\users\miglio\onedrive - txt e-solutions s.p.a\documents\github\repository\homememory\debug\moc_predefs.h
c:\users\miglio\onedrive - txt e-solutions s.p.a\documents\github\repository\homememory\ui_libuni.h
c:\users\miglio\onedrive - txt e-solutions s.p.a\documents\github\repository\homememory\ui_openspace.h
c:\users\miglio\onedrive - txt e-solutions s.p.a\documents\github\repository\homememory\debug\moc_ambienti.cpp
c:\users\miglio\onedrive - txt e-solutions s.p.a\documents\github\repository\homememory\debug\moc_libuni.cpp
c:\users\miglio\onedrive - txt e-solutions s.p.a\documents\github\repository\homememory\debug\moc_openspace.cpp
c:\users\miglio\onedrive - txt e-solutions s.p.a\documents\github\repository\homememory\debug\moc_wcasa.cpp
c:\users\miglio\onedrive - txt e-solutions s.p.a\documents\github\repository\homememory\ui_widget.h
c:\users\miglio\onedrive - txt e-solutions s.p.a\documents\github\repository\homememory\ui_wcasa.h
c:\users\miglio\onedrive - txt e-solutions s.p.a\documents\github\repository\homememory\ui_widcasa.h
c:\users\miglio\onedrive - txt e-solutions s.p.a\documents\github\repository\homememory\debug\moc_widcasa.cpp
c:\users\miglio\onedrive - txt e-solutions s.p.a\documents\github\repository\homememory\debug\homememory.exe
c:\users\miglio\onedrive - txt e-solutions s.p.a\documents\github\repository\homememory\debug\homememory.ilk
c:\users\miglio\onedrive - txt e-solutions s.p.a\documents\github\repository\homememory\debug\homememory.pdb
c:\users\miglio\onedrive - txt e-solutions s.p.a\documents\github\repository\homememory\debug\homememory.tlog\cl.command.1.tlog
c:\users\miglio\onedrive - txt e-solutions s.p.a\documents\github\repository\homememory\debug\homememory.tlog\cl.read.1.tlog
c:\users\miglio\onedrive - txt e-solutions s.p.a\documents\github\repository\homememory\debug\homememory.tlog\cl.write.1.tlog
c:\users\miglio\onedrive - txt e-solutions s.p.a\documents\github\repository\homememory\debug\homememory.tlog\custombuild.command.1.tlog
c:\users\miglio\onedrive - txt e-solutions s.p.a\documents\github\repository\homememory\debug\homememory.tlog\custombuild.read.1.tlog
c:\users\miglio\onedrive - txt e-solutions s.p.a\documents\github\repository\homememory\debug\homememory.tlog\custombuild.write.1.tlog
c:\users\miglio\onedrive - txt e-solutions s.p.a\documents\github\repository\homememory\debug\homememory.tlog\homememory.write.1u.tlog
c:\users\miglio\onedrive - txt e-solutions s.p.a\documents\github\repository\homememory\debug\homememory.tlog\link.command.1.tlog
c:\users\miglio\onedrive - txt e-solutions s.p.a\documents\github\repository\homememory\debug\homememory.tlog\link.read.1.tlog
c:\users\miglio\onedrive - txt e-solutions s.p.a\documents\github\repository\homememory\debug\homememory.tlog\link.write.1.tlog
c:\users\miglio\onedrive - txt e-solutions s.p.a\documents\github\repository\homememory\debug\homememory.tlog\moc.read.1u.tlog
c:\users\miglio\onedrive - txt e-solutions s.p.a\documents\github\repository\homememory\debug\homememory.tlog\moc.write.1u.tlog
c:\users\miglio\onedrive - txt e-solutions s.p.a\documents\github\repository\homememory\debug\homememory.tlog\uic.read.1u.tlog
c:\users\miglio\onedrive - txt e-solutions s.p.a\documents\github\repository\homememory\debug\homememory.tlog\uic.write.1u.tlog
